<?xml version="1.0" encoding="UTF-8"?>
<testsuite name="com.ait.phonebook.test.CreateNewAccountTests" tests="1" skipped="0" failures="0" errors="0" timestamp="2023-11-28T11:29:29" hostname="DESKTOP-OS617JJ" time="2.176">
  <properties/>
  <testcase name="registerExistedUserNegativeTest" classname="com.ait.phonebook.test.CreateNewAccountTests" time="2.176"/>
  <system-out><![CDATA[]]></system-out>
  <system-err><![CDATA[]]></system-err>
</testsuite>
